10:21:35 DEBUG : Logs will be stored at 'C:/repo/my_project/5_my_work/1_LED_Control/IDE.log'.
10:21:40 INFO  : Launching XSCT server: xsct.bat -n  -interactive C:\repo\my_project\5_my_work\1_LED_Control\temp_xsdb_launch_script.tcl
10:21:40 INFO  : Registering command handlers for Vitis TCF services
10:21:40 INFO  : Platform repository initialization has completed.
10:21:44 INFO  : XSCT server has started successfully.
10:21:44 INFO  : Successfully done setting XSCT server connection channel  
10:21:48 INFO  : plnx-install-location is set to ''
10:21:48 INFO  : Successfully done setting workspace for the tool. 
10:21:48 INFO  : Successfully done query RDI_DATADIR 
10:24:53 INFO  : Result from executing command 'getProjects': LED_Control
10:24:53 INFO  : Result from executing command 'getPlatforms': 
10:43:58 INFO  : Result from executing command 'getProjects': LED_Control
10:43:58 INFO  : Result from executing command 'getPlatforms': LED_Control|C:/repo/my_project/5_my_work/1_LED_Control/LED_Control/export/LED_Control/LED_Control.xpfm
10:43:58 INFO  : Checking for BSP changes to sync application flags for project 'LED_Control_App'...
10:44:12 INFO  : Connected to target on host '127.0.0.1' and port '3121'.
10:44:14 INFO  : Jtag cable 'Digilent Zybo Z7 210351BD2308A' is selected.
10:44:14 INFO  : 'jtag frequency' command is executed.
10:44:14 INFO  : Context for 'APU' is selected.
10:44:14 INFO  : System reset is completed.
10:44:17 INFO  : 'after 3000' command is executed.
10:44:17 INFO  : 'targets -set -filter {jtag_cable_name =~ "Digilent Zybo Z7 210351BD2308A" && level==0 && jtag_device_ctx=="jsn-Zybo Z7-210351BD2308A-23727093-0"}' command is executed.
10:44:19 INFO  : Device configured successfully with "C:/repo/my_project/5_my_work/1_LED_Control/LED_Control_App/_ide/bitstream/system_wrapper.bit"
10:44:19 INFO  : Context for 'APU' is selected.
10:44:19 INFO  : Hardware design and registers information is loaded from 'C:/repo/my_project/5_my_work/1_LED_Control/LED_Control/export/LED_Control/hw/system_wrapper.xsa'.
10:44:19 INFO  : 'configparams force-mem-access 1' command is executed.
10:44:19 INFO  : Context for 'APU' is selected.
10:44:19 INFO  : Sourcing of 'C:/repo/my_project/5_my_work/1_LED_Control/LED_Control_App/_ide/psinit/ps7_init.tcl' is done.
10:44:19 INFO  : 'ps7_init' command is executed.
10:44:19 INFO  : 'ps7_post_config' command is executed.
10:44:19 INFO  : Context for processor 'ps7_cortexa9_0' is selected.
10:44:20 INFO  : The application 'C:/repo/my_project/5_my_work/1_LED_Control/LED_Control_App/Debug/LED_Control_App.elf' is downloaded to processor 'ps7_cortexa9_0'.
10:44:20 INFO  : 'configparams force-mem-access 0' command is executed.
10:44:20 INFO  : ----------------XSDB Script----------------
connect -url tcp:127.0.0.1:3121
targets -set -nocase -filter {name =~"APU*"}
rst -system
after 3000
targets -set -filter {jtag_cable_name =~ "Digilent Zybo Z7 210351BD2308A" && level==0 && jtag_device_ctx=="jsn-Zybo Z7-210351BD2308A-23727093-0"}
fpga -file C:/repo/my_project/5_my_work/1_LED_Control/LED_Control_App/_ide/bitstream/system_wrapper.bit
targets -set -nocase -filter {name =~"APU*"}
loadhw -hw C:/repo/my_project/5_my_work/1_LED_Control/LED_Control/export/LED_Control/hw/system_wrapper.xsa -mem-ranges [list {0x40000000 0xbfffffff}] -regs
configparams force-mem-access 1
targets -set -nocase -filter {name =~"APU*"}
source C:/repo/my_project/5_my_work/1_LED_Control/LED_Control_App/_ide/psinit/ps7_init.tcl
ps7_init
ps7_post_config
targets -set -nocase -filter {name =~ "*A9*#0"}
dow C:/repo/my_project/5_my_work/1_LED_Control/LED_Control_App/Debug/LED_Control_App.elf
configparams force-mem-access 0
----------------End of Script----------------

10:44:20 INFO  : Context for processor 'ps7_cortexa9_0' is selected.
10:44:20 INFO  : 'con' command is executed.
10:44:20 INFO  : ----------------XSDB Script (After Launch)----------------
targets -set -nocase -filter {name =~ "*A9*#0"}
con
----------------End of Script----------------

10:44:20 INFO  : Launch script is exported to file 'C:\repo\my_project\5_my_work\1_LED_Control\LED_Control_App_system\_ide\scripts\systemdebugger_led_control_app_system_standalone.tcl'
11:14:34 INFO  : Checking for BSP changes to sync application flags for project 'LED_Control_App'...
11:14:54 INFO  : Checking for BSP changes to sync application flags for project 'LED_Control_App'...
11:14:57 INFO  : Disconnected from the channel tcfchan#2.
11:14:57 INFO  : Connected to target on host '127.0.0.1' and port '3121'.
11:14:58 INFO  : Jtag cable 'Digilent Zybo Z7 210351BD2308A' is selected.
11:14:58 INFO  : 'jtag frequency' command is executed.
11:14:58 INFO  : Context for 'APU' is selected.
11:14:58 INFO  : System reset is completed.
11:15:01 INFO  : 'after 3000' command is executed.
11:15:01 INFO  : 'targets -set -filter {jtag_cable_name =~ "Digilent Zybo Z7 210351BD2308A" && level==0 && jtag_device_ctx=="jsn-Zybo Z7-210351BD2308A-23727093-0"}' command is executed.
11:15:03 INFO  : Device configured successfully with "C:/repo/my_project/5_my_work/1_LED_Control/LED_Control_App/_ide/bitstream/system_wrapper.bit"
11:15:03 INFO  : Context for 'APU' is selected.
11:15:03 INFO  : Hardware design and registers information is loaded from 'C:/repo/my_project/5_my_work/1_LED_Control/LED_Control/export/LED_Control/hw/system_wrapper.xsa'.
11:15:03 INFO  : 'configparams force-mem-access 1' command is executed.
11:15:03 INFO  : Context for 'APU' is selected.
11:15:03 INFO  : Sourcing of 'C:/repo/my_project/5_my_work/1_LED_Control/LED_Control_App/_ide/psinit/ps7_init.tcl' is done.
11:15:03 INFO  : 'ps7_init' command is executed.
11:15:03 INFO  : 'ps7_post_config' command is executed.
11:15:03 INFO  : Context for processor 'ps7_cortexa9_0' is selected.
11:15:03 INFO  : The application 'C:/repo/my_project/5_my_work/1_LED_Control/LED_Control_App/Debug/LED_Control_App.elf' is downloaded to processor 'ps7_cortexa9_0'.
11:15:03 INFO  : 'configparams force-mem-access 0' command is executed.
11:15:03 INFO  : ----------------XSDB Script----------------
connect -url tcp:127.0.0.1:3121
targets -set -nocase -filter {name =~"APU*"}
rst -system
after 3000
targets -set -filter {jtag_cable_name =~ "Digilent Zybo Z7 210351BD2308A" && level==0 && jtag_device_ctx=="jsn-Zybo Z7-210351BD2308A-23727093-0"}
fpga -file C:/repo/my_project/5_my_work/1_LED_Control/LED_Control_App/_ide/bitstream/system_wrapper.bit
targets -set -nocase -filter {name =~"APU*"}
loadhw -hw C:/repo/my_project/5_my_work/1_LED_Control/LED_Control/export/LED_Control/hw/system_wrapper.xsa -mem-ranges [list {0x40000000 0xbfffffff}] -regs
configparams force-mem-access 1
targets -set -nocase -filter {name =~"APU*"}
source C:/repo/my_project/5_my_work/1_LED_Control/LED_Control_App/_ide/psinit/ps7_init.tcl
ps7_init
ps7_post_config
targets -set -nocase -filter {name =~ "*A9*#0"}
dow C:/repo/my_project/5_my_work/1_LED_Control/LED_Control_App/Debug/LED_Control_App.elf
configparams force-mem-access 0
----------------End of Script----------------

11:15:04 INFO  : Context for processor 'ps7_cortexa9_0' is selected.
11:15:04 INFO  : 'con' command is executed.
11:15:04 INFO  : ----------------XSDB Script (After Launch)----------------
targets -set -nocase -filter {name =~ "*A9*#0"}
con
----------------End of Script----------------

11:15:04 INFO  : Launch script is exported to file 'C:\repo\my_project\5_my_work\1_LED_Control\LED_Control_App_system\_ide\scripts\systemdebugger_led_control_app_system_standalone.tcl'
11:19:26 INFO  : Disconnected from the channel tcfchan#3.
